<?xml version="1.0" encoding="UTF-8"?>
<testsuite name="main.RecursiveCountDownTest" tests="2" skipped="0" failures="0" errors="0" timestamp="2024-07-12T10:28:23" hostname="SANTIMSI" time="0.025">
  <properties/>
  <testcase name="countDown0_recursiveCountDown_returnsExpected()" classname="main.RecursiveCountDownTest" time="0.017"/>
  <testcase name="countDown12_recursiveCountDown_returnsExpected()" classname="main.RecursiveCountDownTest" time="0.008"/>
  <system-out><![CDATA[]]></system-out>
  <system-err><![CDATA[]]></system-err>
</testsuite>
